2022-09-04 12:03:46,746:cam_recorder_process:INFO:CAM1: Camera initialized successfully
2022-09-04 12:03:46,750:cam_recorder_process:INFO:CAM1: Target FPS: 10 Frame time: 0.1
2022-09-04 12:03:46,750:cam_recorder_process:INFO:CAM1: Frame size: (640, 480)
2022-09-04 12:03:46,750:cam_recorder_process:INFO:CAM1: Recording on movement mode started
2022-09-04 12:03:47,387:cam_recorder_process:DEBUG:CAM1: starting recording of video: 2022_09_04_12_03_47.mp4
2022-09-04 12:03:47,388:cam_recorder_process:INFO:CAM1: Path does not exist, creating C:\Users\Boo Boo\Documents\Motion_detection\recordings_front/2022_09_04
2022-09-04 12:03:47,390:cam_recorder_process:DEBUG:CAM1: Path created
2022-09-04 12:03:55,865:cam_recorder_process:DEBUG:CAM1Retunr pic in queue
2022-09-04 12:04:05,997:cam_recorder_process:DEBUG:CAM1Retunr pic in queue
2022-09-04 12:04:16,115:cam_recorder_process:DEBUG:CAM1Retunr pic in queue
2022-09-04 12:04:26,247:cam_recorder_process:DEBUG:CAM1Retunr pic in queue
2022-09-04 12:04:36,373:cam_recorder_process:DEBUG:CAM1Retunr pic in queue
2022-09-04 12:04:46,502:cam_recorder_process:DEBUG:CAM1Retunr pic in queue
2022-09-04 12:04:54,622:cam_recorder_process:INFO:CAM1: Avg frame time is 0.06780624119999996 in 1000 frames. Target is: 0.1
2022-09-04 12:04:56,623:cam_recorder_process:DEBUG:CAM1Retunr pic in queue
2022-09-04 12:05:06,760:cam_recorder_process:DEBUG:CAM1Retunr pic in queue
2022-09-04 12:05:16,842:cam_recorder_process:DEBUG:CAM1Retunr pic in queue
2022-09-04 12:05:26,873:cam_recorder_process:DEBUG:CAM1Retunr pic in queue
2022-09-04 12:05:36,994:cam_recorder_process:DEBUG:CAM1Retunr pic in queue
2022-09-04 12:05:47,112:cam_recorder_process:DEBUG:CAM1Retunr pic in queue
2022-09-04 12:05:57,235:cam_recorder_process:DEBUG:CAM1Retunr pic in queue
2022-09-04 12:06:01,260:cam_recorder_process:INFO:CAM1: Avg frame time is 0.06663694700000014 in 1000 frames. Target is: 0.1
2022-09-04 12:06:07,337:cam_recorder_process:DEBUG:CAM1Retunr pic in queue
2022-09-04 12:06:17,451:cam_recorder_process:DEBUG:CAM1Retunr pic in queue
2022-09-04 12:06:27,576:cam_recorder_process:DEBUG:CAM1Retunr pic in queue
2022-09-04 12:06:37,603:cam_recorder_process:DEBUG:CAM1Retunr pic in queue
2022-09-04 12:06:47,732:cam_recorder_process:DEBUG:CAM1Retunr pic in queue
2022-09-04 12:06:57,837:cam_recorder_process:DEBUG:CAM1Retunr pic in queue
2022-09-04 12:07:07,888:cam_recorder_process:DEBUG:CAM1Retunr pic in queue
2022-09-04 12:07:07,944:cam_recorder_process:INFO:CAM1: Avg frame time is 0.06669419359999998 in 1000 frames. Target is: 0.1
2022-09-04 12:07:17,995:cam_recorder_process:DEBUG:CAM1Retunr pic in queue
2022-09-04 12:07:28,116:cam_recorder_process:DEBUG:CAM1Retunr pic in queue
2022-09-04 12:07:38,254:cam_recorder_process:DEBUG:CAM1Retunr pic in queue
2022-09-04 12:07:43,250:cam_recorder_process:DEBUG:CAM1Stop in queue
2022-09-04 12:07:43,312:cam_recorder_process:DEBUG:CAM1: Finished recording of file 2022_09_04_12_03_47.mp4
2022-09-04 12:07:44,390:cam_recorder_process:INFO:CAM1 Stop flag was set, recording stopped
2022-09-04 12:07:59,366:cam_recorder_process:INFO:CAM1: Camera initialized successfully
2022-09-04 12:07:59,370:cam_recorder_process:INFO:CAM1: Target FPS: 10 Frame time: 0.1
2022-09-04 12:07:59,370:cam_recorder_process:INFO:CAM1: Frame size: (640, 480)
2022-09-04 12:07:59,370:cam_recorder_process:INFO:CAM1: Recording on movement mode started
2022-09-04 12:07:59,854:cam_recorder_process:DEBUG:CAM1: starting recording of video: 2022_09_04_12_07_59.mp4
2022-09-04 12:07:59,854:cam_recorder_process:DEBUG:CAM1: Path C:\Users\Boo Boo\Documents\Motion_detection\recordings_front/2022_09_04 exists, no need to create
2022-09-04 12:08:08,428:cam_recorder_process:DEBUG:CAM1Retunr pic in queue
2022-09-04 12:08:11,552:cam_recorder_process:DEBUG:CAM1Stop in queue
2022-09-04 12:08:11,552:cam_recorder_process:DEBUG:CAM1: Finished recording of file 2022_09_04_12_07_59.mp4
2022-09-04 12:08:12,619:cam_recorder_process:INFO:CAM1 Stop flag was set, recording stopped
2022-09-10 21:16:44,233:cam_recorder_process:INFO:CAM1: Camera initialized successfully
2022-09-10 21:16:44,237:cam_recorder_process:INFO:CAM1: Target FPS: 10 Frame time: 0.1
2022-09-10 21:16:44,238:cam_recorder_process:INFO:CAM1: Frame size: (640, 480)
2022-09-10 21:16:44,238:cam_recorder_process:INFO:CAM1: Recording on movement mode started
2022-09-10 21:16:45,147:cam_recorder_process:DEBUG:CAM1: starting recording of video: 2022_09_10_21_16_45.mp4
2022-09-10 21:16:45,147:cam_recorder_process:INFO:CAM1: Path does not exist, creating C:\Users\Boo Boo\Documents\Motion_detection\recordings_front/2022_09_10
2022-09-10 21:16:45,148:cam_recorder_process:DEBUG:CAM1: Path created
2022-09-10 21:16:53,047:cam_recorder_process:DEBUG:CAM1Retunr pic in queue
2022-09-10 21:17:03,211:cam_recorder_process:DEBUG:CAM1Retunr pic in queue
2022-09-10 21:17:13,274:cam_recorder_process:DEBUG:CAM1Retunr pic in queue
2022-09-10 21:17:23,441:cam_recorder_process:DEBUG:CAM1Retunr pic in queue
2022-09-10 21:17:33,587:cam_recorder_process:DEBUG:CAM1Retunr pic in queue
2022-09-10 21:17:43,635:cam_recorder_process:DEBUG:CAM1Retunr pic in queue
2022-09-10 21:17:51,112:cam_recorder_process:INFO:CAM1: Avg frame time is 0.06680654469999983 in 1000 frames. Target is: 0.1
2022-09-10 21:17:53,752:cam_recorder_process:DEBUG:CAM1Retunr pic in queue
2022-09-10 21:18:03,862:cam_recorder_process:DEBUG:CAM1Retunr pic in queue
2022-09-10 21:18:08,138:cam_recorder_process:DEBUG:CAM1: Finished recording of file 2022_09_10_21_16_45.mp4
2022-09-10 21:18:13,905:cam_recorder_process:DEBUG:CAM1Retunr pic in queue
2022-09-10 21:18:24,004:cam_recorder_process:DEBUG:CAM1Retunr pic in queue
2022-09-10 21:18:34,118:cam_recorder_process:DEBUG:CAM1Retunr pic in queue
2022-09-10 21:18:44,172:cam_recorder_process:DEBUG:CAM1Retunr pic in queue
2022-09-10 21:18:54,274:cam_recorder_process:DEBUG:CAM1Retunr pic in queue
2022-09-10 21:18:57,723:cam_recorder_process:INFO:CAM1: Avg frame time is 0.06667599230000015 in 1000 frames. Target is: 0.1
2022-09-10 21:19:01,466:cam_recorder_process:DEBUG:CAM1: starting recording of video: 2022_09_10_21_19_01.mp4
2022-09-10 21:19:01,466:cam_recorder_process:DEBUG:CAM1: Path C:\Users\Boo Boo\Documents\Motion_detection\recordings_front/2022_09_10 exists, no need to create
2022-09-10 21:19:04,400:cam_recorder_process:DEBUG:CAM1Retunr pic in queue
2022-09-10 21:19:11,367:cam_recorder_process:DEBUG:CAM1Stop in queue
2022-09-10 21:19:11,431:cam_recorder_process:DEBUG:CAM1: Finished recording of file 2022_09_10_21_19_01.mp4
2022-09-10 21:19:12,679:cam_recorder_process:INFO:CAM1 Stop flag was set, recording stopped
2022-09-10 21:21:05,069:cam_recorder_process:INFO:CAM1: Camera initialized successfully
2022-09-10 21:21:05,073:cam_recorder_process:INFO:CAM1: Target FPS: 10 Frame time: 0.1
2022-09-10 21:21:05,073:cam_recorder_process:INFO:CAM1: Frame size: (640, 480)
2022-09-10 21:21:05,073:cam_recorder_process:INFO:CAM1: Recording on movement mode started
2022-09-10 21:21:05,978:cam_recorder_process:DEBUG:CAM1: starting recording of video: 2022_09_10_21_21_05.mp4
2022-09-10 21:21:05,979:cam_recorder_process:DEBUG:CAM1: Path C:\Users\Boo Boo\Documents\Motion_detection\recordings_front/2022_09_10 exists, no need to create
2022-09-10 21:21:14,009:cam_recorder_process:DEBUG:CAM1Retunr pic in queue
2022-09-10 21:21:24,168:cam_recorder_process:DEBUG:CAM1Retunr pic in queue
2022-09-10 21:21:34,251:cam_recorder_process:DEBUG:CAM1Retunr pic in queue
2022-09-10 21:21:42,563:cam_recorder_process:DEBUG:CAM1Stop in queue
2022-09-10 21:21:42,568:cam_recorder_process:DEBUG:CAM1: Finished recording of file 2022_09_10_21_21_05.mp4
2022-09-10 21:21:43,898:cam_recorder_process:INFO:CAM1 Stop flag was set, recording stopped
2022-09-10 21:22:23,213:cam_recorder_process:INFO:CAM1: Camera initialized successfully
2022-09-10 21:22:23,218:cam_recorder_process:INFO:CAM1: Target FPS: 10 Frame time: 0.1
2022-09-10 21:22:23,218:cam_recorder_process:INFO:CAM1: Frame size: (640, 480)
2022-09-10 21:22:23,218:cam_recorder_process:INFO:CAM1: Recording on movement mode started
2022-09-10 21:22:23,995:cam_recorder_process:DEBUG:CAM1: starting recording of video: 2022_09_10_21_22_23.mp4
2022-09-10 21:22:23,995:cam_recorder_process:DEBUG:CAM1: Path C:\Users\Boo Boo\Documents\Motion_detection\recordings_front/2022_09_10 exists, no need to create
2022-09-10 21:22:32,192:cam_recorder_process:DEBUG:CAM1Retunr pic in queue
2022-09-10 21:22:42,279:cam_recorder_process:DEBUG:CAM1Retunr pic in queue
2022-09-10 21:22:52,407:cam_recorder_process:DEBUG:CAM1Retunr pic in queue
2022-09-10 21:23:02,509:cam_recorder_process:DEBUG:CAM1Retunr pic in queue
2022-09-10 21:23:12,667:cam_recorder_process:DEBUG:CAM1Retunr pic in queue
2022-09-10 21:23:22,835:cam_recorder_process:DEBUG:CAM1Retunr pic in queue
2022-09-10 21:23:30,081:cam_recorder_process:INFO:CAM1: Avg frame time is 0.06680559959999993 in 1000 frames. Target is: 0.1
2022-09-10 21:23:32,946:cam_recorder_process:DEBUG:CAM1Retunr pic in queue
2022-09-10 21:23:43,050:cam_recorder_process:DEBUG:CAM1Retunr pic in queue
2022-09-10 21:23:53,170:cam_recorder_process:DEBUG:CAM1Retunr pic in queue
2022-09-10 21:24:03,210:cam_recorder_process:DEBUG:CAM1Retunr pic in queue
2022-09-10 21:24:13,328:cam_recorder_process:DEBUG:CAM1Retunr pic in queue
2022-09-10 21:24:23,483:cam_recorder_process:DEBUG:CAM1Retunr pic in queue
2022-09-10 21:24:33,644:cam_recorder_process:DEBUG:CAM1Retunr pic in queue
2022-09-10 21:24:36,705:cam_recorder_process:INFO:CAM1: Avg frame time is 0.06663046159999984 in 1000 frames. Target is: 0.1
2022-09-10 21:24:43,703:cam_recorder_process:DEBUG:CAM1Retunr pic in queue
2022-09-10 21:24:53,794:cam_recorder_process:DEBUG:CAM1Retunr pic in queue
2022-09-10 21:25:03,834:cam_recorder_process:DEBUG:CAM1Retunr pic in queue
2022-09-10 21:25:13,882:cam_recorder_process:DEBUG:CAM1Retunr pic in queue
2022-09-10 21:25:23,988:cam_recorder_process:DEBUG:CAM1Retunr pic in queue
2022-09-10 21:25:28,573:cam_recorder_process:DEBUG:CAM1Stop in queue
2022-09-10 21:25:28,627:cam_recorder_process:DEBUG:CAM1: Finished recording of file 2022_09_10_21_22_23.mp4
2022-09-10 21:25:29,840:cam_recorder_process:INFO:CAM1 Stop flag was set, recording stopped
2022-09-10 21:29:58,537:cam_recorder_process:INFO:CAM1: Camera initialized successfully
2022-09-10 21:29:58,542:cam_recorder_process:INFO:CAM1: Target FPS: 10 Frame time: 0.1
2022-09-10 21:29:58,542:cam_recorder_process:INFO:CAM1: Frame size: (640, 480)
2022-09-10 21:29:58,543:cam_recorder_process:INFO:CAM1: Recording on movement mode started
2022-09-10 21:29:59,383:cam_recorder_process:DEBUG:CAM1: starting recording of video: 2022_09_10_21_29_59.mp4
2022-09-10 21:29:59,383:cam_recorder_process:DEBUG:CAM1: Path C:\Users\Boo Boo\Documents\Motion_detection\recordings_front/2022_09_10 exists, no need to create
2022-09-10 21:30:06,954:cam_recorder_process:DEBUG:CAM1Retunr pic in queue
2022-09-10 21:30:17,114:cam_recorder_process:DEBUG:CAM1Retunr pic in queue
2022-09-10 21:30:19,535:cam_recorder_process:DEBUG:CAM1Stop in queue
2022-09-10 21:30:19,597:cam_recorder_process:DEBUG:CAM1: Finished recording of file 2022_09_10_21_29_59.mp4
2022-09-10 21:30:20,937:cam_recorder_process:INFO:CAM1 Stop flag was set, recording stopped
2022-09-10 21:38:26,634:cam_recorder_process:INFO:CAM1: Camera initialized successfully
2022-09-10 21:38:26,638:cam_recorder_process:INFO:CAM1: Target FPS: 10 Frame time: 0.1
2022-09-10 21:38:26,639:cam_recorder_process:INFO:CAM1: Frame size: (640, 480)
2022-09-10 21:38:26,639:cam_recorder_process:INFO:CAM1: Recording on movement mode started
2022-09-10 21:38:27,482:cam_recorder_process:DEBUG:CAM1: starting recording of video: 2022_09_10_21_38_27.mp4
2022-09-10 21:38:27,483:cam_recorder_process:DEBUG:CAM1: Path C:\Users\Boo Boo\Documents\Motion_detection\recordings_front/2022_09_10 exists, no need to create
2022-09-10 21:38:31,618:cam_recorder_process:DEBUG:CAM1Stop in queue
2022-09-10 21:38:31,618:cam_recorder_process:DEBUG:CAM1: Finished recording of file 2022_09_10_21_38_27.mp4
2022-09-10 21:38:32,949:cam_recorder_process:INFO:CAM1 Stop flag was set, recording stopped
2022-09-10 21:39:20,867:cam_recorder_process:INFO:CAM1: Camera initialized successfully
2022-09-10 21:39:20,871:cam_recorder_process:INFO:CAM1: Target FPS: 10 Frame time: 0.1
2022-09-10 21:39:20,872:cam_recorder_process:INFO:CAM1: Frame size: (640, 480)
2022-09-10 21:39:20,872:cam_recorder_process:INFO:CAM1: Recording on movement mode started
2022-09-10 21:39:21,709:cam_recorder_process:DEBUG:CAM1: starting recording of video: 2022_09_10_21_39_21.mp4
2022-09-10 21:39:21,710:cam_recorder_process:DEBUG:CAM1: Path C:\Users\Boo Boo\Documents\Motion_detection\recordings_front/2022_09_10 exists, no need to create
2022-09-10 21:39:30,534:cam_recorder_process:DEBUG:CAM1Retunr pic in queue
2022-09-10 21:39:38,913:cam_recorder_process:DEBUG:CAM1Stop in queue
2022-09-10 21:39:38,921:cam_recorder_process:DEBUG:CAM1: Finished recording of file 2022_09_10_21_39_21.mp4
2022-09-10 21:39:40,247:cam_recorder_process:INFO:CAM1 Stop flag was set, recording stopped
2022-09-10 21:40:19,734:cam_recorder_process:INFO:CAM1: Camera initialized successfully
2022-09-10 21:40:19,739:cam_recorder_process:INFO:CAM1: Target FPS: 10 Frame time: 0.1
2022-09-10 21:40:19,739:cam_recorder_process:INFO:CAM1: Frame size: (640, 480)
2022-09-10 21:40:19,739:cam_recorder_process:INFO:CAM1: Recording on movement mode started
2022-09-10 21:40:20,645:cam_recorder_process:DEBUG:CAM1: starting recording of video: 2022_09_10_21_40_20.mp4
2022-09-10 21:40:20,645:cam_recorder_process:DEBUG:CAM1: Path C:\Users\Boo Boo\Documents\Motion_detection\recordings_front/2022_09_10 exists, no need to create
2022-09-10 21:40:28,348:cam_recorder_process:DEBUG:CAM1Retunr pic in queue
2022-09-10 21:40:38,500:cam_recorder_process:DEBUG:CAM1Retunr pic in queue
2022-09-10 21:40:40,096:cam_recorder_process:DEBUG:CAM1Stop in queue
2022-09-10 21:40:40,158:cam_recorder_process:DEBUG:CAM1: Finished recording of file 2022_09_10_21_40_20.mp4
2022-09-10 21:40:41,500:cam_recorder_process:INFO:CAM1 Stop flag was set, recording stopped
2022-09-10 21:44:19,993:cam_recorder_process:INFO:CAM1: Camera initialized successfully
2022-09-10 21:44:19,997:cam_recorder_process:INFO:CAM1: Target FPS: 10 Frame time: 0.1
2022-09-10 21:44:19,997:cam_recorder_process:INFO:CAM1: Frame size: (640, 480)
2022-09-10 21:44:19,997:cam_recorder_process:INFO:CAM1: Recording on movement mode started
2022-09-10 21:44:20,905:cam_recorder_process:DEBUG:CAM1: starting recording of video: 2022_09_10_21_44_20.mp4
2022-09-10 21:44:20,906:cam_recorder_process:DEBUG:CAM1: Path C:\Users\Boo Boo\Documents\Motion_detection\recordings_front/2022_09_10 exists, no need to create
2022-09-10 21:44:28,699:cam_recorder_process:DEBUG:CAM1Retunr pic in queue
2022-09-10 21:44:37,159:cam_recorder_process:DEBUG:CAM1Stop in queue
2022-09-10 21:44:37,159:cam_recorder_process:DEBUG:CAM1: Finished recording of file 2022_09_10_21_44_20.mp4
2022-09-10 21:44:38,358:cam_recorder_process:INFO:CAM1 Stop flag was set, recording stopped
2022-09-10 21:50:09,086:cam_recorder_process:INFO:CAM1: Camera initialized successfully
2022-09-10 21:50:09,089:cam_recorder_process:INFO:CAM1: Target FPS: 10 Frame time: 0.1
2022-09-10 21:50:09,089:cam_recorder_process:INFO:CAM1: Frame size: (640, 480)
2022-09-10 21:50:09,089:cam_recorder_process:INFO:CAM1: Recording on movement mode started
2022-09-10 21:50:09,930:cam_recorder_process:DEBUG:CAM1: starting recording of video: 2022_09_10_21_50_09.mp4
2022-09-10 21:50:09,931:cam_recorder_process:DEBUG:CAM1: Path C:\Users\Boo Boo\Documents\Motion_detection\recordings_front/2022_09_10 exists, no need to create
2022-09-10 21:50:15,084:cam_recorder_process:DEBUG:CAM1Stop in queue
2022-09-10 21:50:15,084:cam_recorder_process:DEBUG:CAM1: Finished recording of file 2022_09_10_21_50_09.mp4
2022-09-10 21:50:16,433:cam_recorder_process:INFO:CAM1 Stop flag was set, recording stopped
2022-09-13 19:48:50,349:cam_recorder_process:INFO:CAM1: Camera initialized successfully
2022-09-13 19:48:50,353:cam_recorder_process:INFO:CAM1: Target FPS: 10 Frame time: 0.1
2022-09-13 19:48:50,354:cam_recorder_process:INFO:CAM1: Frame size: (640, 480)
2022-09-13 19:48:50,356:cam_recorder_process:INFO:CAM1: Recording on movement mode started
2022-09-13 19:48:51,288:cam_recorder_process:DEBUG:CAM1: starting recording of video: 2022_09_13_19_48_51.mp4
2022-09-13 19:48:51,288:cam_recorder_process:INFO:CAM1: Path does not exist, creating C:\Users\Boo Boo\Documents\Motion_detection\recordings_front/2022_09_13
2022-09-13 19:48:51,288:cam_recorder_process:DEBUG:CAM1: Path created
2022-09-13 19:48:58,813:cam_recorder_process:DEBUG:CAM1Retunr pic in queue
2022-09-13 19:49:08,844:cam_recorder_process:DEBUG:CAM1Retunr pic in queue
2022-09-13 19:49:18,950:cam_recorder_process:DEBUG:CAM1Retunr pic in queue
2022-09-13 19:49:29,045:cam_recorder_process:DEBUG:CAM1Retunr pic in queue
2022-09-13 19:49:36,029:cam_recorder_process:DEBUG:CAM1Stop in queue
2022-09-13 19:49:36,033:cam_recorder_process:DEBUG:CAM1: Finished recording of file 2022_09_13_19_48_51.mp4
2022-09-13 19:49:37,581:cam_recorder_process:INFO:CAM1 Stop flag was set, recording stopped
2022-09-13 19:51:39,116:cam_recorder_process:INFO:CAM1: Camera initialized successfully
2022-09-13 19:51:39,119:cam_recorder_process:INFO:CAM1: Target FPS: 10 Frame time: 0.1
2022-09-13 19:51:39,119:cam_recorder_process:INFO:CAM1: Frame size: (640, 480)
2022-09-13 19:51:39,123:cam_recorder_process:INFO:CAM1: Recording on movement mode started
2022-09-13 19:51:40,048:cam_recorder_process:DEBUG:CAM1: starting recording of video: 2022_09_13_19_51_40.mp4
2022-09-13 19:51:40,048:cam_recorder_process:DEBUG:CAM1: Path C:\Users\Boo Boo\Documents\Motion_detection\recordings_front/2022_09_13 exists, no need to create
2022-09-13 19:51:47,891:cam_recorder_process:DEBUG:CAM1Retunr pic in queue
2022-09-13 19:51:57,969:cam_recorder_process:DEBUG:CAM1Retunr pic in queue
2022-09-13 19:52:08,078:cam_recorder_process:DEBUG:CAM1Retunr pic in queue
2022-09-13 19:52:18,171:cam_recorder_process:DEBUG:CAM1Retunr pic in queue
2022-09-13 19:52:28,215:cam_recorder_process:DEBUG:CAM1Retunr pic in queue
2022-09-13 19:52:38,311:cam_recorder_process:DEBUG:CAM1Retunr pic in queue
2022-09-13 19:52:48,438:cam_recorder_process:DEBUG:CAM1Retunr pic in queue
2022-09-13 19:52:55,927:cam_recorder_process:DEBUG:CAM1Stop in queue
2022-09-13 19:52:55,928:cam_recorder_process:DEBUG:CAM1: Finished recording of file 2022_09_13_19_51_40.mp4
2022-09-13 19:52:57,484:cam_recorder_process:INFO:CAM1 Stop flag was set, recording stopped
2022-09-13 19:53:46,852:cam_recorder_process:INFO:CAM1: Camera initialized successfully
2022-09-13 19:53:46,855:cam_recorder_process:INFO:CAM1: Target FPS: 10 Frame time: 0.1
2022-09-13 19:53:46,855:cam_recorder_process:INFO:CAM1: Frame size: (640, 480)
2022-09-13 19:53:46,859:cam_recorder_process:INFO:CAM1: Recording on movement mode started
2022-09-13 19:53:47,789:cam_recorder_process:DEBUG:CAM1: starting recording of video: 2022_09_13_19_53_47.mp4
2022-09-13 19:53:47,789:cam_recorder_process:DEBUG:CAM1: Path C:\Users\Boo Boo\Documents\Motion_detection\recordings_front/2022_09_13 exists, no need to create
2022-09-13 19:53:55,626:cam_recorder_process:DEBUG:CAM1Retunr pic in queue
2022-09-13 19:54:05,684:cam_recorder_process:DEBUG:CAM1Retunr pic in queue
2022-09-13 19:54:15,783:cam_recorder_process:DEBUG:CAM1Retunr pic in queue
2022-09-13 19:54:25,875:cam_recorder_process:DEBUG:CAM1Retunr pic in queue
2022-09-13 19:54:35,982:cam_recorder_process:DEBUG:CAM1Retunr pic in queue
2022-09-13 19:54:46,078:cam_recorder_process:DEBUG:CAM1Retunr pic in queue
2022-09-13 19:54:56,188:cam_recorder_process:DEBUG:CAM1Retunr pic in queue
2022-09-13 19:55:06,279:cam_recorder_process:DEBUG:CAM1Retunr pic in queue
2022-09-13 19:55:16,377:cam_recorder_process:DEBUG:CAM1Retunr pic in queue
2022-09-13 19:55:26,485:cam_recorder_process:DEBUG:CAM1Retunr pic in queue
2022-09-13 19:55:27,068:cam_recorder_process:INFO:CAM1: Avg frame time is 0.10020520090000001 in 1000 frames. Target is: 0.1
2022-09-13 19:55:36,592:cam_recorder_process:DEBUG:CAM1Retunr pic in queue
2022-09-13 19:55:46,689:cam_recorder_process:DEBUG:CAM1Retunr pic in queue
2022-09-13 19:55:56,796:cam_recorder_process:DEBUG:CAM1Retunr pic in queue
2022-09-13 19:56:06,891:cam_recorder_process:DEBUG:CAM1Retunr pic in queue
2022-09-13 19:56:17,000:cam_recorder_process:DEBUG:CAM1Retunr pic in queue
2022-09-13 19:56:27,105:cam_recorder_process:DEBUG:CAM1Retunr pic in queue
2022-09-13 19:56:37,203:cam_recorder_process:DEBUG:CAM1Retunr pic in queue
2022-09-13 19:56:47,328:cam_recorder_process:DEBUG:CAM1Retunr pic in queue
2022-09-13 19:56:57,419:cam_recorder_process:DEBUG:CAM1Retunr pic in queue
2022-09-13 19:57:07,096:cam_recorder_process:INFO:CAM1: Avg frame time is 0.10002897380000005 in 1000 frames. Target is: 0.1
2022-09-13 19:57:07,514:cam_recorder_process:DEBUG:CAM1Retunr pic in queue
2022-09-13 19:57:17,624:cam_recorder_process:DEBUG:CAM1Retunr pic in queue
2022-09-13 19:57:27,716:cam_recorder_process:DEBUG:CAM1Retunr pic in queue
2022-09-13 19:57:37,749:cam_recorder_process:DEBUG:CAM1Retunr pic in queue
2022-09-13 19:57:47,858:cam_recorder_process:DEBUG:CAM1Retunr pic in queue
2022-09-13 19:57:57,953:cam_recorder_process:DEBUG:CAM1Retunr pic in queue
2022-09-13 19:58:08,062:cam_recorder_process:DEBUG:CAM1Retunr pic in queue
2022-09-13 19:58:18,188:cam_recorder_process:DEBUG:CAM1Retunr pic in queue
2022-09-13 19:58:28,297:cam_recorder_process:DEBUG:CAM1Retunr pic in queue
2022-09-13 19:58:38,403:cam_recorder_process:DEBUG:CAM1Retunr pic in queue
2022-09-13 19:58:47,269:cam_recorder_process:INFO:CAM1: Avg frame time is 0.10017169060000006 in 1000 frames. Target is: 0.1
2022-09-13 19:58:48,484:cam_recorder_process:DEBUG:CAM1Retunr pic in queue
2022-09-13 19:58:58,592:cam_recorder_process:DEBUG:CAM1Retunr pic in queue
2022-09-13 19:59:08,685:cam_recorder_process:DEBUG:CAM1Retunr pic in queue
2022-09-13 19:59:18,804:cam_recorder_process:DEBUG:CAM1Retunr pic in queue
2022-09-13 19:59:28,905:cam_recorder_process:DEBUG:CAM1Retunr pic in queue
2022-09-13 19:59:39,000:cam_recorder_process:DEBUG:CAM1Retunr pic in queue
2022-09-13 19:59:49,106:cam_recorder_process:DEBUG:CAM1Retunr pic in queue
2022-09-13 19:59:59,218:cam_recorder_process:DEBUG:CAM1Retunr pic in queue
2022-09-13 20:00:09,312:cam_recorder_process:DEBUG:CAM1Retunr pic in queue
2022-09-13 20:00:19,419:cam_recorder_process:DEBUG:CAM1Retunr pic in queue
2022-09-13 20:00:27,295:cam_recorder_process:INFO:CAM1: Avg frame time is 0.10002610079999996 in 1000 frames. Target is: 0.1
2022-09-13 20:00:29,515:cam_recorder_process:DEBUG:CAM1Retunr pic in queue
2022-09-13 20:00:39,623:cam_recorder_process:DEBUG:CAM1Retunr pic in queue
2022-09-13 20:00:49,716:cam_recorder_process:DEBUG:CAM1Retunr pic in queue
2022-09-13 20:00:59,827:cam_recorder_process:DEBUG:CAM1Retunr pic in queue
2022-09-13 20:01:09,918:cam_recorder_process:DEBUG:CAM1Retunr pic in queue
2022-09-13 20:01:20,018:cam_recorder_process:DEBUG:CAM1Retunr pic in queue
2022-09-13 20:01:30,128:cam_recorder_process:DEBUG:CAM1Retunr pic in queue
2022-09-13 20:01:40,237:cam_recorder_process:DEBUG:CAM1Retunr pic in queue
2022-09-13 20:01:50,298:cam_recorder_process:DEBUG:CAM1Retunr pic in queue
2022-09-13 20:02:00,399:cam_recorder_process:DEBUG:CAM1Retunr pic in queue
2022-09-13 20:02:07,387:cam_recorder_process:INFO:CAM1: Avg frame time is 0.10009235350000002 in 1000 frames. Target is: 0.1
2022-09-13 20:02:10,510:cam_recorder_process:DEBUG:CAM1Retunr pic in queue
2022-09-13 20:02:20,609:cam_recorder_process:DEBUG:CAM1Retunr pic in queue
2022-09-13 20:02:30,705:cam_recorder_process:DEBUG:CAM1Retunr pic in queue
2022-09-13 20:02:40,812:cam_recorder_process:DEBUG:CAM1Retunr pic in queue
2022-09-13 20:02:50,920:cam_recorder_process:DEBUG:CAM1Retunr pic in queue
2022-09-13 20:03:01,016:cam_recorder_process:DEBUG:CAM1Retunr pic in queue
2022-09-13 20:03:11,124:cam_recorder_process:DEBUG:CAM1Retunr pic in queue
2022-09-13 20:03:21,263:cam_recorder_process:DEBUG:CAM1Retunr pic in queue
2022-09-13 20:03:31,349:cam_recorder_process:DEBUG:CAM1Retunr pic in queue
2022-09-13 20:03:46,217:cam_recorder_process:INFO:CAM1: Camera initialized successfully
2022-09-13 20:03:46,220:cam_recorder_process:INFO:CAM1: Target FPS: 10 Frame time: 0.1
2022-09-13 20:03:46,220:cam_recorder_process:INFO:CAM1: Frame size: (640, 480)
2022-09-13 20:03:46,223:cam_recorder_process:INFO:CAM1: Recording on movement mode started
2022-09-13 20:05:56,658:cam_recorder_process:INFO:CAM1: Camera initialized successfully
2022-09-13 20:05:56,661:cam_recorder_process:INFO:CAM1: Target FPS: 10 Frame time: 0.1
2022-09-13 20:05:56,661:cam_recorder_process:INFO:CAM1: Frame size: (640, 480)
2022-09-13 20:05:56,664:cam_recorder_process:INFO:CAM1: Recording on movement mode started
2022-09-13 20:09:31,465:cam_recorder_process:INFO:CAM1: Camera initialized successfully
2022-09-13 20:09:31,467:cam_recorder_process:INFO:CAM1: Target FPS: 10 Frame time: 0.1
2022-09-13 20:09:31,468:cam_recorder_process:INFO:CAM1: Frame size: (640, 480)
2022-09-13 20:09:31,471:cam_recorder_process:INFO:CAM1: Recording on movement mode started
2022-09-13 20:09:41,994:cam_recorder_process:DEBUG:CAM1Retunr pic in queue
2022-09-13 20:09:42,009:cam_recorder_process:DEBUG:CAM1: starting recording of video: 2022_09_13_20_09_42.mp4
2022-09-13 20:09:42,010:cam_recorder_process:DEBUG:CAM1: Path C:\Users\Boo Boo\Documents\Motion_detection\recordings_front/2022_09_13 exists, no need to create
2022-09-13 20:10:41,865:cam_recorder_process:INFO:CAM1: Camera initialized successfully
2022-09-13 20:10:41,868:cam_recorder_process:INFO:CAM1: Target FPS: 10 Frame time: 0.1
2022-09-13 20:10:41,868:cam_recorder_process:INFO:CAM1: Frame size: (640, 480)
2022-09-13 20:10:41,872:cam_recorder_process:INFO:CAM1: Recording on movement mode started
2022-09-13 20:12:03,664:cam_recorder_process:INFO:CAM1: Camera initialized successfully
2022-09-13 20:12:03,667:cam_recorder_process:INFO:CAM1: Target FPS: 10 Frame time: 0.1
2022-09-13 20:12:03,668:cam_recorder_process:INFO:CAM1: Frame size: (640, 480)
2022-09-13 20:12:03,671:cam_recorder_process:INFO:CAM1: Recording on movement mode started
2022-09-13 20:12:04,599:cam_recorder_process:DEBUG:CAM1: starting recording of video: 2022_09_13_20_12_04.mp4
2022-09-13 20:12:04,600:cam_recorder_process:DEBUG:CAM1: Path C:\Users\Boo Boo\Documents\Motion_detection\recordings_front/2022_09_13 exists, no need to create
2022-09-13 20:12:12,422:cam_recorder_process:DEBUG:CAM1Retunr pic in queue
2022-09-13 20:12:22,530:cam_recorder_process:DEBUG:CAM1Retunr pic in queue
2022-09-13 20:12:32,640:cam_recorder_process:DEBUG:CAM1Retunr pic in queue
2022-09-13 20:12:42,733:cam_recorder_process:DEBUG:CAM1Retunr pic in queue
2022-09-13 20:12:51,978:cam_recorder_process:DEBUG:CAM1Stop in queue
2022-09-13 20:12:51,978:cam_recorder_process:DEBUG:CAM1: Finished recording of file 2022_09_13_20_12_04.mp4
2022-09-13 20:12:53,538:cam_recorder_process:INFO:CAM1 Stop flag was set, recording stopped
